p:\d\programming\intercom\debug\vc143.pdb
p:\d\programming\intercom\debug\vc143.idb
p:\d\programming\intercom\debug\main.obj
p:\d\programming\intercom\debug\intercomporch.obj
p:\d\programming\intercom\debug\intercomflat.obj
p:\d\programming\intercom\debug\intercom.obj
p:\d\programming\intercom\debug\door.obj
p:\d\programming\intercom\debug\buttonactionsymbol.obj
p:\d\programming\intercom\debug\buttonactionradioconnection.obj
p:\d\programming\intercom\debug\buttonactionopen.obj
p:\d\programming\intercom\debug\buttonactionblock.obj
p:\d\programming\intercom\debug\porch.obj
p:\d\programming\intercom\debug\journal.obj
p:\d\programming\intercom\debug\home.obj
p:\d\programming\intercom\debug\flat.obj
p:\d\programming\intercom\debug\intercom.ilk
p:\d\programming\intercom\debug\intercom.exe
p:\d\programming\intercom\debug\intercom.pdb
p:\d\programming\intercom\debug\linker.obj
p:\d\programming\intercom\debug\buttonactionblock.nativecodeanalysis.xml
p:\d\programming\intercom\debug\buttonactionopen.nativecodeanalysis.xml
p:\d\programming\intercom\debug\buttonactionsymbol.nativecodeanalysis.xml
p:\d\programming\intercom\debug\door.nativecodeanalysis.xml
p:\d\programming\intercom\debug\flat.nativecodeanalysis.xml
p:\d\programming\intercom\debug\home.nativecodeanalysis.xml
p:\d\programming\intercom\debug\intercom.nativecodeanalysis.xml
p:\d\programming\intercom\debug\intercomflat.nativecodeanalysis.xml
p:\d\programming\intercom\debug\intercomporch.nativecodeanalysis.xml
p:\d\programming\intercom\debug\journal.nativecodeanalysis.xml
p:\d\programming\intercom\debug\linker.nativecodeanalysis.xml
p:\d\programming\intercom\debug\main.nativecodeanalysis.xml
p:\d\programming\intercom\debug\porch.nativecodeanalysis.xml
p:\d\programming\intercom\debug\intercom.tlog\cl.command.1.tlog
p:\d\programming\intercom\debug\intercom.tlog\cl.read.1.tlog
p:\d\programming\intercom\debug\intercom.tlog\cl.write.1.tlog
p:\d\programming\intercom\debug\intercom.tlog\link.command.1.tlog
p:\d\programming\intercom\debug\intercom.tlog\link.read.1.tlog
p:\d\programming\intercom\debug\intercom.tlog\link.write.1.tlog
